/opt/anaconda3/lib/python3.12/site-packages/pandas/core/computation/expressions.py:23: UserWarning: Pandas requires version '2.10.2' or newer of 'numexpr' (version '2.8.7' currently installed).
  from pandas.core.computation.check import NUMEXPR_INSTALLED
/opt/anaconda3/lib/python3.12/site-packages/pandas/core/arrays/masked.py:56: UserWarning: Pandas requires version '1.4.2' or newer of 'bottleneck' (version '1.3.7' currently installed).
  from pandas.core import (
/opt/anaconda3/lib/python3.12/site-packages/sklearn/utils/validation.py:2827: UserWarning: X does not have valid feature names, but LGBMRegressor was fitted with feature names
  warnings.warn(
/opt/anaconda3/lib/python3.12/site-packages/sklearn/utils/validation.py:2827: UserWarning: X does not have valid feature names, but LGBMRegressor was fitted with feature names
  warnings.warn(
/opt/anaconda3/lib/python3.12/site-packages/sklearn/utils/validation.py:2827: UserWarning: X does not have valid feature names, but LGBMRegressor was fitted with feature names
  warnings.warn(
/opt/anaconda3/lib/python3.12/site-packages/sklearn/utils/validation.py:2827: UserWarning: X does not have valid feature names, but LGBMRegressor was fitted with feature names
  warnings.warn(
/opt/anaconda3/lib/python3.12/site-packages/sklearn/utils/validation.py:2827: UserWarning: X does not have valid feature names, but LGBMRegressor was fitted with feature names
  warnings.warn(
/opt/anaconda3/lib/python3.12/site-packages/sklearn/utils/validation.py:2827: UserWarning: X does not have valid feature names, but LGBMRegressor was fitted with feature names
  warnings.warn(
/opt/anaconda3/lib/python3.12/site-packages/sklearn/utils/validation.py:2827: UserWarning: X does not have valid feature names, but LGBMRegressor was fitted with feature names
  warnings.warn(
/opt/anaconda3/lib/python3.12/site-packages/sklearn/utils/validation.py:2827: UserWarning: X does not have valid feature names, but LGBMRegressor was fitted with feature names
  warnings.warn(
/opt/anaconda3/lib/python3.12/site-packages/sklearn/utils/validation.py:2827: UserWarning: X does not have valid feature names, but LGBMRegressor was fitted with feature names
  warnings.warn(
/opt/anaconda3/lib/python3.12/site-packages/sklearn/utils/validation.py:2827: UserWarning: X does not have valid feature names, but LGBMRegressor was fitted with feature names
  warnings.warn(
/opt/anaconda3/lib/python3.12/site-packages/sklearn/utils/validation.py:2827: UserWarning: X does not have valid feature names, but LGBMRegressor was fitted with feature names
  warnings.warn(
/opt/anaconda3/lib/python3.12/site-packages/sklearn/utils/validation.py:2827: UserWarning: X does not have valid feature names, but LGBMRegressor was fitted with feature names
  warnings.warn(
/opt/anaconda3/lib/python3.12/site-packages/sklearn/utils/validation.py:2827: UserWarning: X does not have valid feature names, but LGBMRegressor was fitted with feature names
  warnings.warn(
/opt/anaconda3/lib/python3.12/site-packages/sklearn/utils/validation.py:2827: UserWarning: X does not have valid feature names, but LGBMRegressor was fitted with feature names
  warnings.warn(
/opt/anaconda3/lib/python3.12/site-packages/sklearn/utils/validation.py:2827: UserWarning: X does not have valid feature names, but LGBMRegressor was fitted with feature names
  warnings.warn(
/opt/anaconda3/lib/python3.12/site-packages/sklearn/utils/validation.py:2827: UserWarning: X does not have valid feature names, but LGBMRegressor was fitted with feature names
  warnings.warn(
/opt/anaconda3/lib/python3.12/site-packages/sklearn/utils/validation.py:2827: UserWarning: X does not have valid feature names, but LGBMRegressor was fitted with feature names
  warnings.warn(
/opt/anaconda3/lib/python3.12/site-packages/sklearn/utils/validation.py:2827: UserWarning: X does not have valid feature names, but LGBMRegressor was fitted with feature names
  warnings.warn(
/opt/anaconda3/lib/python3.12/site-packages/sklearn/utils/validation.py:2827: UserWarning: X does not have valid feature names, but LGBMRegressor was fitted with feature names
  warnings.warn(
/opt/anaconda3/lib/python3.12/site-packages/sklearn/utils/validation.py:2827: UserWarning: X does not have valid feature names, but LGBMRegressor was fitted with feature names
  warnings.warn(
/opt/anaconda3/lib/python3.12/site-packages/sklearn/utils/validation.py:2827: UserWarning: X does not have valid feature names, but LGBMRegressor was fitted with feature names
  warnings.warn(
/opt/anaconda3/lib/python3.12/site-packages/sklearn/utils/validation.py:2827: UserWarning: X does not have valid feature names, but LGBMRegressor was fitted with feature names
  warnings.warn(
/opt/anaconda3/lib/python3.12/site-packages/sklearn/utils/validation.py:2827: UserWarning: X does not have valid feature names, but LGBMRegressor was fitted with feature names
  warnings.warn(
/opt/anaconda3/lib/python3.12/site-packages/sklearn/utils/validation.py:2827: UserWarning: X does not have valid feature names, but LGBMRegressor was fitted with feature names
  warnings.warn(
/opt/anaconda3/lib/python3.12/site-packages/sklearn/utils/validation.py:2827: UserWarning: X does not have valid feature names, but LGBMRegressor was fitted with feature names
  warnings.warn(
/opt/anaconda3/lib/python3.12/site-packages/sklearn/utils/validation.py:2827: UserWarning: X does not have valid feature names, but LGBMRegressor was fitted with feature names
  warnings.warn(
/opt/anaconda3/lib/python3.12/site-packages/sklearn/utils/validation.py:2827: UserWarning: X does not have valid feature names, but LGBMRegressor was fitted with feature names
  warnings.warn(
/opt/anaconda3/lib/python3.12/site-packages/sklearn/utils/validation.py:2827: UserWarning: X does not have valid feature names, but LGBMRegressor was fitted with feature names
  warnings.warn(
/opt/anaconda3/lib/python3.12/site-packages/sklearn/utils/validation.py:2827: UserWarning: X does not have valid feature names, but LGBMRegressor was fitted with feature names
  warnings.warn(
/opt/anaconda3/lib/python3.12/site-packages/sklearn/utils/validation.py:2827: UserWarning: X does not have valid feature names, but LGBMRegressor was fitted with feature names
  warnings.warn(
/opt/anaconda3/lib/python3.12/site-packages/sklearn/utils/validation.py:2827: UserWarning: X does not have valid feature names, but LGBMRegressor was fitted with feature names
  warnings.warn(
/opt/anaconda3/lib/python3.12/site-packages/sklearn/utils/validation.py:2827: UserWarning: X does not have valid feature names, but LGBMRegressor was fitted with feature names
  warnings.warn(
/opt/anaconda3/lib/python3.12/site-packages/sklearn/utils/validation.py:2827: UserWarning: X does not have valid feature names, but LGBMRegressor was fitted with feature names
  warnings.warn(
/opt/anaconda3/lib/python3.12/site-packages/sklearn/utils/validation.py:2827: UserWarning: X does not have valid feature names, but LGBMRegressor was fitted with feature names
  warnings.warn(
/opt/anaconda3/lib/python3.12/site-packages/sklearn/utils/validation.py:2827: UserWarning: X does not have valid feature names, but LGBMRegressor was fitted with feature names
  warnings.warn(
/opt/anaconda3/lib/python3.12/site-packages/sklearn/utils/validation.py:2827: UserWarning: X does not have valid feature names, but LGBMRegressor was fitted with feature names
  warnings.warn(
/opt/anaconda3/lib/python3.12/site-packages/sklearn/utils/validation.py:2827: UserWarning: X does not have valid feature names, but LGBMRegressor was fitted with feature names
  warnings.warn(
Loading events from dataset/jan to may police violation_anonymized791b166.csv
  V3: excluded 50074 rejected/duplicate rows (298445 → 248371)
  TIMESTAMP FIX: zeroed sample_weight for 61215 likely bulk-entry records across 3450 segments (>35% violations at 0-5AM).
Using 1655 active segments from 2023-11-10 00:00:00 to 2024-04-08 23:00:00; temporal cutoff 2024-03-18 23:00:00
Integrating spatial context features (metro/commercial distances)...
  Spatial context: 1655 segments enriched with 11 V3 POI features
Integrating legal parking supply features...
  Parking supply: 1655 segments enriched
Training frame rows: 196,375 (78,550 positive segment-hours)
Saved model bundle to artifacts/parking_model/model.joblib
{
  "metrics": {
    "total_mae": 1.1472235513533742,
    "total_rmse": 2.688330015442946,
    "total_wape": 0.9537980993690934,
    "hotspot_roc_auc": 0.715850935389561,
    "hotspot_average_precision": 0.1431181049969984,
    "hotspot_logloss": 0.764063344182825,
    "hotspot_brier": 0.05494153307160649,
    "top_1pct_violation_capture": 0.031189948263118994,
    "top_5pct_violation_capture": 0.13815225424981523,
    "top_10pct_violation_capture": 0.25623059866962306,
    "precision_at_10": 0.13514492753623186,
    "ndcg_at_10": 0.35881038589161235,
    "false_dispatch_rate_at_10": 0.25144927536231887,
    "precision_at_25": 0.10753623188405798,
    "ndcg_at_25": 0.45658890478153996,
    "false_dispatch_rate_at_25": 0.30724637681159417,
    "precision_at_50": 0.07753623188405798,
    "ndcg_at_50": 0.5521101765585811,
    "false_dispatch_rate_at_50": 0.4181884057971015,
    "by_target": {
      "count_two_wheeler": {
        "mae": 0.638305103609379,
        "rmse": 2.0492427031249356,
        "wape": 1.1095571840587808
      },
      "count_car": {
        "mae": 0.4343846732257474,
        "rmse": 1.1147389839170025,
        "wape": 1.0899148626386927
      },
      "count_auto": {
        "mae": 0.19558664947100582,
        "rmse": 0.729635865496992,
        "wape": 1.1722693428012843
      },
      "count_light_commercial": {
        "mae": 0.05373252014531988,
        "rmse": 0.25371638657526224,
        "wape": 1.2915093431852014
      },
      "count_heavy": {
        "mae": 0.02246896606064321,
        "rmse": 0.17902358425087195,
        "wape": 1.2790936509259279
      },
      "count_other": {
        "mae": 0.003408619065206979,
        "rmse": 0.060014796796474326,
        "wape": 1.1549058476114538
      }
    },
    "train_rows": 168253,
    "test_rows": 28122,
    "cutoff_hour": "2024-03-18 23:00:00",
    "feature_columns": [
      "segment_id",
      "police_station",
      "junction_bucket",
      "road_class",
      "lat_center",
      "lon_center",
      "road_width_m",
      "hour",
      "day_of_week",
      "month",
      "day_of_year",
      "is_weekend",
      "is_peak",
      "hour_sin",
      "hour_cos",
      "dow_sin",
      "dow_cos",
      "month_sin",
      "month_cos",
      "day_of_year_norm",
      "is_weekday_peak",
      "is_weekend_peak",
      "hour_bucket",
      "is_holiday",
      "is_festival",
      "is_first_week_of_month",
      "is_month_end",
      "is_school_dropoff",
      "is_school_pickup",
      "is_lunch_market",
      "is_office_commute_am",
      "is_office_commute_pm",
      "is_shopping_evening",
      "is_nightlife_peak",
      "segment_total_events",
      "segment_event_rate",
      "segment_rank_pct",
      "segment_hour_mean",
      "segment_dow_hour_mean",
      "city_hour_mean",
      "city_dow_hour_mean",
      "rolling_7d_mean",
      "rolling_28d_mean",
      "segment_severity_mean",
      "segment_dominant_vehicle_footprint",
      "lag_1h_total",
      "lag_2h_total",
      "lag_3h_total",
      "lag_24h_total",
      "lag_168h_total",
      "lag_1h_two_wheeler",
      "lag_1h_car",
      "lag_1h_auto",
      "lag_1h_light_commercial",
      "lag_1h_heavy",
      "lag_1h_other",
      "rainfall_mm",
      "is_raining",
      "is_underpass_or_bridge",
      "rain_shelter_bottleneck",
      "dist_to_legal_parking_m",
      "legal_parking_capacity",
      "overflow_risk_index",
      "dist_to_metro_m",
      "dist_to_commercial_m",
      "dist_to_bus_stop_m",
      "dist_to_school_m",
      "dist_to_hospital_m",
      "dist_to_market_m",
      "dist_to_restaurant_m",
      "dist_to_worship_m",
      "poi_count_200m",
      "poi_count_500m",
      "poi_gravity_score",
      "station_enforcement_volume",
      "station_approval_rate",
      "station_event_rate",
      "distance_to_active_event_m",
      "event_impact_score",
      "active_event_count",
      "road_vulnerability"
    ],
    "target_columns": [
      "count_two_wheeler",
      "count_car",
      "count_auto",
      "count_light_commercial",
      "count_heavy",
      "count_other"
    ],
    "categorical_columns": [
      "segment_id",
      "police_station",
      "junction_bucket",
      "road_class",
      "hour_bucket"
    ]
  },
  "calibration": {
    "count_p95": 9.0,
    "interruption_p95": 0.0791015625
  },
  "summary": {
    "data_path": "dataset/jan to may police violation_anonymized791b166.csv",
    "raw_event_rows_after_filter": 248371,
    "active_segments": 1655,
    "positive_segment_hours": 78550,
    "training_frame_rows": 196375,
    "start_hour": "2023-11-10 00:00:00",
    "end_hour": "2024-04-08 23:00:00",
    "cutoff_hour": "2024-03-18 23:00:00",
    "grid_size_deg": 0.001,
    "map_matching_mode": "grid_fallback"
  }
}
